\BOOKMARK [0][-]{chapter.1}{\376\377\000I\000n\000t\000r\000o\000d\000u\000c\000t\000i\000o\000n}{}% 1
\BOOKMARK [0][-]{chapter.2}{\376\377\000B\000a\000c\000k\000g\000r\000o\000u\000n\000d}{}% 2
\BOOKMARK [1][-]{section.2.1}{\376\377\000T\000h\000e\000\040\000S\000m\000a\000r\000t\000\040\000M\000e\000t\000e\000r\000s\000\040\000a\000n\000d\000\040\000I\000o\000T\000\040\000A\000r\000c\000h\000i\000t\000e\000c\000t\000u\000r\000e}{chapter.2}% 3
\BOOKMARK [1][-]{section.2.2}{\376\377\000D\000a\000t\000a\000\040\000P\000r\000i\000v\000a\000c\000y\000\040\000F\000u\000n\000d\000a\000m\000e\000n\000t\000a\000l\000s}{chapter.2}% 4
\BOOKMARK [1][-]{section.2.3}{\376\377\000F\000o\000r\000m\000a\000l\000\040\000P\000r\000i\000v\000a\000c\000y\000\040\000M\000o\000d\000e\000l\000s}{chapter.2}% 5
\BOOKMARK [2][-]{subsection.2.3.1}{\376\377\000k\000-\000A\000n\000o\000n\000y\000m\000i\000t\000y\000\040\000a\000n\000d\000\040\000E\000q\000u\000i\000v\000a\000l\000e\000n\000c\000e\000\040\000C\000l\000a\000s\000s\000e\000s}{section.2.3}% 6
\BOOKMARK [2][-]{subsection.2.3.2}{\376\377\000D\000i\000f\000f\000e\000r\000e\000n\000t\000i\000a\000l\000\040\000P\000r\000i\000v\000a\000c\000y}{section.2.3}% 7
\BOOKMARK [2][-]{subsection.2.3.3}{\376\377\000z\000-\000A\000n\000o\000n\000y\000m\000i\000t\000y}{section.2.3}% 8
\BOOKMARK [1][-]{section.2.4}{\376\377\000D\000a\000t\000a\000\040\000P\000r\000e\000p\000r\000o\000c\000e\000s\000s\000i\000n\000g\000\040\000T\000e\000c\000h\000n\000i\000q\000u\000e\000s\000\040\000f\000o\000r\000\040\000P\000r\000i\000v\000a\000c\000y}{chapter.2}% 9
\BOOKMARK [2][-]{subsection.2.4.1}{\376\377\000D\000a\000t\000a\000\040\000G\000e\000n\000e\000r\000a\000l\000i\000z\000a\000t\000i\000o\000n}{section.2.4}% 10
\BOOKMARK [2][-]{subsection.2.4.2}{\376\377\000T\000e\000m\000p\000o\000r\000a\000l\000\040\000A\000g\000g\000r\000e\000g\000a\000t\000i\000o\000n}{section.2.4}% 11
\BOOKMARK [2][-]{subsection.2.4.3}{\376\377\000L\000o\000c\000a\000l\000\040\000P\000r\000e\000f\000i\000l\000t\000e\000r\000i\000n\000g\000\040\000\050\000S\000u\000p\000p\000r\000e\000s\000s\000i\000o\000n\000\051}{section.2.4}% 12
\BOOKMARK [0][-]{chapter.3}{\376\377\000R\000e\000l\000a\000t\000e\000d\000\040\000w\000o\000r\000k}{}% 13
\BOOKMARK [1][-]{section.3.1}{\376\377\000P\000r\000i\000v\000a\000c\000y\000-\000P\000r\000e\000s\000e\000r\000v\000i\000n\000g\000\040\000A\000l\000g\000o\000r\000i\000t\000h\000m\000s\000\040\000f\000o\000r\000\040\000D\000a\000t\000a\000\040\000S\000t\000r\000e\000a\000m\000s}{chapter.3}% 14
\BOOKMARK [1][-]{section.3.2}{\376\377\000A\000r\000c\000h\000i\000t\000e\000c\000t\000u\000r\000a\000l\000\040\000S\000o\000l\000u\000t\000i\000o\000n\000s\000\040\000f\000o\000r\000\040\000P\000r\000i\000v\000a\000c\000y\000\040\000i\000n\000\040\000I\000o\000T}{chapter.3}% 15
\BOOKMARK [0][-]{chapter.4}{\376\377\000S\000y\000s\000t\000e\000m\000\040\000M\000o\000d\000e\000l}{}% 16
\BOOKMARK [1][-]{section.4.1}{\376\377\000A\000r\000c\000h\000i\000t\000e\000c\000t\000u\000r\000a\000l\000\040\000M\000o\000d\000e\000l}{chapter.4}% 17
\BOOKMARK [1][-]{section.4.2}{\376\377\000T\000h\000e\000\040\000P\000r\000i\000v\000a\000c\000y\000\040\000M\000o\000d\000e\000l\000:\000\040\000S\000n\000a\000p\000s\000h\000o\000t\000\040\000z\000-\000A\000n\000o\000n\000y\000m\000i\000t\000y}{chapter.4}% 18
\BOOKMARK [2][-]{subsection.4.2.1}{\376\377\000A\000d\000a\000p\000t\000a\000t\000i\000o\000n\000\040\000f\000o\000r\000\040\000S\000y\000n\000c\000h\000r\000o\000n\000o\000u\000s\000\040\000S\000t\000r\000e\000a\000m\000s}{section.4.2}% 19
\BOOKMARK [2][-]{subsection.4.2.2}{\376\377\000F\000o\000r\000m\000a\000l\000\040\000D\000e\000f\000i\000n\000i\000t\000i\000o\000n}{section.4.2}% 20
\BOOKMARK [0][-]{chapter.5}{\376\377\000M\000e\000t\000h\000o\000d\000o\000l\000o\000g\000y}{}% 21
\BOOKMARK [1][-]{section.5.1}{\376\377\000D\000a\000t\000a\000s\000e\000t\000\040\000a\000n\000d\000\040\000P\000r\000e\000p\000r\000o\000c\000e\000s\000s\000i\000n\000g}{chapter.5}% 22
\BOOKMARK [2][-]{subsection.5.1.1}{\376\377\000D\000a\000t\000a\000\040\000S\000e\000l\000e\000c\000t\000i\000o\000n}{section.5.1}% 23
\BOOKMARK [2][-]{subsection.5.1.2}{\376\377\000P\000r\000e\000p\000r\000o\000c\000e\000s\000s\000i\000n\000g\000\040\000a\000n\000d\000\040\000S\000c\000h\000e\000m\000a}{section.5.1}% 24
\BOOKMARK [1][-]{section.5.2}{\376\377\000I\000m\000p\000l\000e\000m\000e\000n\000t\000a\000t\000i\000o\000n\000\040\000o\000f\000\040\000E\000x\000p\000e\000r\000i\000m\000e\000n\000t\000a\000l\000\040\000S\000c\000e\000n\000a\000r\000i\000o\000s}{chapter.5}% 25
\BOOKMARK [2][-]{subsection.5.2.1}{\376\377\000S\000c\000e\000n\000a\000r\000i\000o\000\040\000A\000:\000\040\000B\000a\000s\000e\000l\000i\000n\000e\000\040\000\050\000C\000l\000o\000u\000d\000-\000O\000n\000l\000y\000\051}{section.5.2}% 26
\BOOKMARK [2][-]{subsection.5.2.2}{\376\377\000S\000c\000e\000n\000a\000r\000i\000o\000\040\000B\000:\000\040\000D\000a\000t\000a\000\040\000G\000e\000n\000e\000r\000a\000l\000i\000z\000a\000t\000i\000o\000n\000\040\000\050\000E\000d\000g\000e\000\051}{section.5.2}% 27
\BOOKMARK [2][-]{subsection.5.2.3}{\376\377\000S\000c\000e\000n\000a\000r\000i\000o\000\040\000C\000:\000\040\000T\000e\000m\000p\000o\000r\000a\000l\000\040\000A\000g\000g\000r\000e\000g\000a\000t\000i\000o\000n\000\040\000\050\000E\000d\000g\000e\000\051}{section.5.2}% 28
\BOOKMARK [2][-]{subsection.5.2.4}{\376\377\000S\000c\000e\000n\000a\000r\000i\000o\000\040\000D\000:\000\040\000L\000o\000c\000a\000l\000\040\000P\000r\000e\000f\000i\000l\000t\000e\000r\000i\000n\000g\000\040\000\050\000F\000o\000g\000\051}{section.5.2}% 29
\BOOKMARK [1][-]{section.5.3}{\376\377\000E\000v\000a\000l\000u\000a\000t\000i\000o\000n\000\040\000M\000e\000t\000r\000i\000c\000s}{chapter.5}% 30
\BOOKMARK [2][-]{subsection.5.3.1}{\376\377\000P\000u\000b\000l\000i\000c\000a\000t\000i\000o\000n\000\040\000R\000a\000t\000i\000o}{section.5.3}% 31
\BOOKMARK [2][-]{subsection.5.3.2}{\376\377\000B\000a\000n\000d\000w\000i\000d\000t\000h\000\040\000S\000a\000v\000i\000n\000g\000s}{section.5.3}% 32
\BOOKMARK [2][-]{subsection.5.3.3}{\376\377\000I\000n\000f\000o\000r\000m\000a\000t\000i\000o\000n\000\040\000L\000o\000s\000s\000\040\000a\000n\000d\000\040\000E\000f\000f\000e\000c\000t\000i\000v\000e\000\040\000N\000C\000P}{section.5.3}% 33
\BOOKMARK [0][-]{chapter.6}{\376\377\000R\000e\000s\000u\000l\000t\000s}{}% 34
\BOOKMARK [1][-]{section.6.1}{\376\377\000A\000n\000a\000l\000y\000s\000i\000s\000\040\000o\000f\000\040\000I\000n\000p\000u\000t\000\040\000D\000a\000t\000a\000\040\000D\000i\000s\000t\000r\000i\000b\000u\000t\000i\000o\000n}{chapter.6}% 35
\BOOKMARK [1][-]{section.6.2}{\376\377\000B\000a\000s\000e\000l\000i\000n\000e\000\040\000P\000e\000r\000f\000o\000r\000m\000a\000n\000c\000e\000\040\000\050\000C\000l\000o\000u\000d\000-\000O\000n\000l\000y\000\051}{chapter.6}% 36
\BOOKMARK [1][-]{section.6.3}{\376\377\000I\000m\000p\000a\000c\000t\000\040\000o\000f\000\040\000D\000a\000t\000a\000\040\000G\000e\000n\000e\000r\000a\000l\000i\000z\000a\000t\000i\000o\000n}{chapter.6}% 37
\BOOKMARK [1][-]{section.6.4}{\376\377\000I\000m\000p\000a\000c\000t\000\040\000o\000f\000\040\000T\000e\000m\000p\000o\000r\000a\000l\000\040\000A\000g\000g\000r\000e\000g\000a\000t\000i\000o\000n\000\040\000\050\000E\000d\000g\000e\000\051}{chapter.6}% 38
\BOOKMARK [1][-]{section.6.5}{\376\377\000I\000m\000p\000a\000c\000t\000\040\000o\000f\000\040\000L\000o\000c\000a\000l\000\040\000P\000r\000e\000f\000i\000l\000t\000e\000r\000i\000n\000g}{chapter.6}% 39
\BOOKMARK [0][-]{chapter.7}{\376\377\000D\000i\000s\000c\000u\000s\000s\000i\000o\000n}{}% 40
